<?xml version="1.0" encoding="UTF-8"?>
<!-- Generated by org.testng.reporters.JUnitReportReporter -->
<testsuite skipped="1" hostname="DESKTOP-19MCO0V" name="extentReports.GenerateExtentReport" tests="6" failures="0" timestamp="17 Feb 2020 07:40:06 GMT" time="24.616" errors="0">
  <testcase name="testHomePage" time="5.122" classname="extentReports.GenerateExtentReport"/>
  <testcase name="testLogin" time="0.936" classname="extentReports.GenerateExtentReport"/>
  <testcase name="testCustomer_Login" time="3.537" classname="extentReports.GenerateExtentReport"/>
  <testcase name="gotoMobile_page" time="4.504" classname="extentReports.GenerateExtentReport"/>
  <testcase name="CompareProducts" time="10.517" classname="extentReports.GenerateExtentReport"/>
  <testcase name="changeSonyXperiaQty" classname="extentReports.GenerateExtentReport">
    <skipped/>
  </testcase> <!-- changeSonyXperiaQty -->
</testsuite> <!-- extentReports.GenerateExtentReport -->
