<?xml version="1.0" encoding="UTF-8"?>
<!-- Generated by org.testng.reporters.JUnitReportReporter -->
<testsuite skipped="0" hostname="DESKTOP-19MCO0V" name="suite.MagentoGuru99" tests="2" failures="0" timestamp="11 Oct 2019 22:01:25 GMT" time="21.330" errors="0">
  <testcase name="testHomePage" time="17.523" classname="suite.MagentoGuru99"/>
  <testcase name="testHomePage" time="3.807" classname="suite.MagentoGuru99"/>
</testsuite> <!-- suite.MagentoGuru99 -->
