<?xml version="1.0" encoding="UTF-8"?>
<!-- Generated by org.testng.reporters.JUnitReportReporter -->
<testsuite skipped="0" hostname="DESKTOP-19MCO0V" name="test.Tests" tests="2" failures="0" timestamp="11 Oct 2019 21:01:11 GMT" time="21.772" errors="0">
  <testcase name="testHomePage" time="4.703" classname="test.Tests"/>
  <testcase name="testHomePage" time="17.069" classname="test.Tests"/>
</testsuite> <!-- test.Tests -->
