<?xml version="1.0" encoding="UTF-8"?>
<!-- Generated by org.testng.reporters.JUnitReportReporter -->
<testsuite skipped="0" hostname="DESKTOP-19MCO0V" name="suite.LaunchBrowser" tests="6" failures="0" timestamp="12 Oct 2019 15:20:16 GMT" time="46.277" errors="0">
  <testcase name="testHomePage" time="5.571" classname="suite.LaunchBrowser"/>
  <testcase name="testHomePage" time="17.598" classname="suite.LaunchBrowser"/>
  <testcase name="testLogin" time="0.916" classname="suite.LaunchBrowser"/>
  <testcase name="testLogin" time="11.035" classname="suite.LaunchBrowser"/>
  <testcase name="testCustomer_Login" time="4.872" classname="suite.LaunchBrowser"/>
  <testcase name="testCustomer_Login" time="6.285" classname="suite.LaunchBrowser"/>
</testsuite> <!-- suite.LaunchBrowser -->
