<?xml version="1.0" encoding="UTF-8"?>
<!-- Generated by org.testng.reporters.JUnitReportReporter -->
<testsuite skipped="1" hostname="DESKTOP-19MCO0V" name="suite.TestMagentoGuru99" tests="6" failures="0" timestamp="13 Feb 2020 07:29:37 GMT" time="26.196" errors="0">
  <testcase name="testHomePage" time="4.590" classname="suite.TestMagentoGuru99"/>
  <testcase name="testLogin" time="1.099" classname="suite.TestMagentoGuru99"/>
  <testcase name="testCustomer_Login" time="4.750" classname="suite.TestMagentoGuru99"/>
  <testcase name="gotoMobile_page" time="4.960" classname="suite.TestMagentoGuru99"/>
  <testcase name="CompareProducts" time="10.797" classname="suite.TestMagentoGuru99"/>
  <testcase name="changeSonyXperiaQty" classname="suite.TestMagentoGuru99">
    <skipped/>
  </testcase> <!-- changeSonyXperiaQty -->
</testsuite> <!-- suite.TestMagentoGuru99 -->
